#
# A fatal error has been detected by the Java Runtime Environment:
#
#  Internal Error (generateOopMap.cpp:2164), pid=13895, tid=13908
#  fatal error: Illegal class file encountered. Try running with -Xverify:all in method main
#
# JRE version: OpenJDK Runtime Environment (11.0.4+11) (build 11.0.4+11-post-Ubuntu-1ubuntu218.04.3)
# Java VM: OpenJDK 64-Bit Server VM (11.0.4+11-post-Ubuntu-1ubuntu218.04.3, mixed mode, sharing, tiered, compressed oops, g1 gc, linux-amd64)
# Core dump will be written. Default location: Core dumps may be processed with "/usr/share/apport/apport %p %s %c %d %P" (or dumping to /home/admin1/eclipse-workspace/DataSt/core.13895)
#
# If you would like to submit a bug report, please visit:
#   https://bugs.launchpad.net/ubuntu/+source/openjdk-lts
#

---------------  S U M M A R Y ------------

Command Line: -agentlib:jdwp=transport=dt_socket,suspend=y,address=localhost:42105 -javaagent:/home/admin1/Desktop/XfR/Eclps/configuration/org.eclipse.osgi/216/0/.cp/lib/javaagent-shaded.jar -Dfile.encoding=UTF-8 com.bridgelabz.datast.Prime2dTest

Host: Intel(R) Core(TM) i5-7400 CPU @ 3.00GHz, 4 cores, 7G, Ubuntu 18.04.3 LTS
Time: Thu Oct 10 10:35:31 2019 IST elapsed time: 342 seconds (0d 0h 5m 42s)

---------------  T H R E A D  ---------------

Current thread (0x00007f865416e000):  VMThread "VM Thread" [stack: 0x00007f862b1f9000,0x00007f862b2f9000] [id=13908]

Stack: [0x00007f862b1f9000,0x00007f862b2f9000],  sp=0x00007f862b2f6ec0,  free space=1015k
Native frames: (J=compiled Java code, A=aot compiled Java code, j=interpreted, Vv=VM code, C=native code)
V  [libjvm.so+0xde4547]
V  [libjvm.so+0xde515f]
V  [libjvm.so+0x6510ba]
V  [libjvm.so+0x7b72a8]
V  [libjvm.so+0x7b737b]
V  [libjvm.so+0x7bd5b7]
V  [libjvm.so+0x7bea5e]
V  [libjvm.so+0x7bee69]
V  [libjvm.so+0xbac64a]
V  [libjvm.so+0xbacbcb]
V  [libjvm.so+0xb3a9f6]
V  [libjvm.so+0x9d053c]
V  [libjvm.so+0xdeeda8]
V  [libjvm.so+0xdec5e6]
V  [libjvm.so+0xdecaf0]
V  [libjvm.so+0xdecf23]
V  [libjvm.so+0xd7aeea]
V  [libjvm.so+0xbc4a5e]

VM_Operation (0x00007f8629f198a0): GetOrSetLocal, mode: safepoint, requested by thread 0x00007f86541d6000


---------------  P R O C E S S  ---------------

Threads class SMR info:
_java_thread_list=0x00007f86542c35e0, length=12, elements={
0x00007f8654013800, 0x00007f8654170800, 0x00007f8654172800, 0x00007f8654178000,
0x00007f865417a800, 0x00007f865417c800, 0x00007f865417e800, 0x00007f865418b800,
0x00007f86541d6000, 0x00007f86541d9800, 0x00007f85fc001800, 0x00007f86542c3000
}

Java Threads: ( => current thread )
  0x00007f8654013800 JavaThread "main" [_thread_blocked, id=13897, stack(0x00007f865ac74000,0x00007f865ad75000)]
  0x00007f8654170800 JavaThread "Reference Handler" daemon [_thread_blocked, id=13909, stack(0x00007f862b0f6000,0x00007f862b1f7000)]
  0x00007f8654172800 JavaThread "Finalizer" daemon [_thread_blocked, id=13910, stack(0x00007f862aff5000,0x00007f862b0f6000)]
  0x00007f8654178000 JavaThread "Signal Dispatcher" daemon [_thread_blocked, id=13911, stack(0x00007f862a525000,0x00007f862a626000)]
  0x00007f865417a800 JavaThread "C2 CompilerThread0" daemon [_thread_blocked, id=13912, stack(0x00007f862a424000,0x00007f862a525000)]
  0x00007f865417c800 JavaThread "C1 CompilerThread0" daemon [_thread_blocked, id=13913, stack(0x00007f862a323000,0x00007f862a424000)]
  0x00007f865417e800 JavaThread "Sweeper thread" daemon [_thread_blocked, id=13914, stack(0x00007f862a222000,0x00007f862a323000)]
  0x00007f865418b800 JavaThread "Common-Cleaner" daemon [_thread_blocked, id=13915, stack(0x00007f862a121000,0x00007f862a222000)]
  0x00007f86541d6000 JavaThread "JDWP Transport Listener: dt_socket" daemon [_thread_blocked, id=13918, stack(0x00007f8629e1a000,0x00007f8629f1b000)] _threads_hazard_ptr=0x00007f86542c35e0
  0x00007f86541d9800 JavaThread "JDWP Event Helper Thread" daemon [_thread_blocked, id=13920, stack(0x00007f8629d19000,0x00007f8629e1a000)]
  0x00007f85fc001800 JavaThread "JDWP Command Reader" daemon [_thread_in_native, id=13922, stack(0x00007f8629c18000,0x00007f8629d19000)]
  0x00007f86542c3000 JavaThread "Service Thread" daemon [_thread_blocked, id=13925, stack(0x00007f86296ef000,0x00007f86297f0000)]

Other Threads:
=>0x00007f865416e000 VMThread "VM Thread" [stack: 0x00007f862b1f9000,0x00007f862b2f9000] [id=13908]
  0x00007f86542c8800 WatcherThread [stack: 0x00007f86295ef000,0x00007f86296ef000] [id=13926]
  0x00007f865402a000 GCTaskThread "GC Thread#0" [stack: 0x00007f863b092000,0x00007f863b192000] [id=13902]
  0x00007f865405a800 ConcurrentGCThread "G1 Main Marker" [stack: 0x00007f863814f000,0x00007f863824f000] [id=13903]
  0x00007f865405c800 ConcurrentGCThread "G1 Conc#0" [stack: 0x00007f863804d000,0x00007f863814d000] [id=13904]
  0x00007f86540d4800 ConcurrentGCThread "G1 Refine#0" [stack: 0x00007f862bbfd000,0x00007f862bcfd000] [id=13905]
  0x00007f86540d6800 ConcurrentGCThread "G1 Young RemSet Sampling" [stack: 0x00007f862bafb000,0x00007f862bbfb000] [id=13906]

Threads with active compile tasks:

VM state:at safepoint (normal execution)

VM Mutex/Monitor currently owned by a thread:  ([mutex/lock_event])
[0x00007f865400f770] Threads_lock - owner thread: 0x00007f865416e000

Heap address: 0x0000000085200000, size: 1966 MB, Compressed Oops mode: 32-bit
Narrow klass base: 0x0000000800000000, Narrow klass shift: 3
Compressed class space size: 1073741824 Address: 0x0000000840000000

Heap:
 garbage-first heap   total 129024K, used 4728K [0x0000000085200000, 0x0000000100000000)
  region size 1024K, 5 young (5120K), 0 survivors (0K)
 Metaspace       used 2579K, capacity 4843K, committed 5120K, reserved 1056768K
  class space    used 237K, capacity 442K, committed 512K, reserved 1048576K
Heap Regions: E=young(eden), S=young(survivor), O=old, HS=humongous(starts), HC=humongous(continues), CS=collection set, F=free, A=archive, TAMS=top-at-mark-start (previous, next)
|   0|0x0000000085200000, 0x0000000085200000, 0x0000000085300000|  0%| F|  |TAMS 0x0000000085200000, 0x0000000085200000| Untracked 
|   1|0x0000000085300000, 0x0000000085300000, 0x0000000085400000|  0%| F|  |TAMS 0x0000000085300000, 0x0000000085300000| Untracked 
|   2|0x0000000085400000, 0x0000000085400000, 0x0000000085500000|  0%| F|  |TAMS 0x0000000085400000, 0x0000000085400000| Untracked 
|   3|0x0000000085500000, 0x0000000085500000, 0x0000000085600000|  0%| F|  |TAMS 0x0000000085500000, 0x0000000085500000| Untracked 
|   4|0x0000000085600000, 0x0000000085600000, 0x0000000085700000|  0%| F|  |TAMS 0x0000000085600000, 0x0000000085600000| Untracked 
|   5|0x0000000085700000, 0x0000000085700000, 0x0000000085800000|  0%| F|  |TAMS 0x0000000085700000, 0x0000000085700000| Untracked 
|   6|0x0000000085800000, 0x0000000085800000, 0x0000000085900000|  0%| F|  |TAMS 0x0000000085800000, 0x0000000085800000| Untracked 
|   7|0x0000000085900000, 0x0000000085900000, 0x0000000085a00000|  0%| F|  |TAMS 0x0000000085900000, 0x0000000085900000| Untracked 
|   8|0x0000000085a00000, 0x0000000085a00000, 0x0000000085b00000|  0%| F|  |TAMS 0x0000000085a00000, 0x0000000085a00000| Untracked 
|   9|0x0000000085b00000, 0x0000000085b00000, 0x0000000085c00000|  0%| F|  |TAMS 0x0000000085b00000, 0x0000000085b00000| Untracked 
|  10|0x0000000085c00000, 0x0000000085c00000, 0x0000000085d00000|  0%| F|  |TAMS 0x0000000085c00000, 0x0000000085c00000| Untracked 
|  11|0x0000000085d00000, 0x0000000085d00000, 0x0000000085e00000|  0%| F|  |TAMS 0x0000000085d00000, 0x0000000085d00000| Untracked 
|  12|0x0000000085e00000, 0x0000000085e00000, 0x0000000085f00000|  0%| F|  |TAMS 0x0000000085e00000, 0x0000000085e00000| Untracked 
|  13|0x0000000085f00000, 0x0000000085f00000, 0x0000000086000000|  0%| F|  |TAMS 0x0000000085f00000, 0x0000000085f00000| Untracked 
|  14|0x0000000086000000, 0x0000000086000000, 0x0000000086100000|  0%| F|  |TAMS 0x0000000086000000, 0x0000000086000000| Untracked 
|  15|0x0000000086100000, 0x0000000086100000, 0x0000000086200000|  0%| F|  |TAMS 0x0000000086100000, 0x0000000086100000| Untracked 
|  16|0x0000000086200000, 0x0000000086200000, 0x0000000086300000|  0%| F|  |TAMS 0x0000000086200000, 0x0000000086200000| Untracked 
|  17|0x0000000086300000, 0x0000000086300000, 0x0000000086400000|  0%| F|  |TAMS 0x0000000086300000, 0x0000000086300000| Untracked 
|  18|0x0000000086400000, 0x0000000086400000, 0x0000000086500000|  0%| F|  |TAMS 0x0000000086400000, 0x0000000086400000| Untracked 
|  19|0x0000000086500000, 0x0000000086500000, 0x0000000086600000|  0%| F|  |TAMS 0x0000000086500000, 0x0000000086500000| Untracked 
|  20|0x0000000086600000, 0x0000000086600000, 0x0000000086700000|  0%| F|  |TAMS 0x0000000086600000, 0x0000000086600000| Untracked 
|  21|0x0000000086700000, 0x0000000086700000, 0x0000000086800000|  0%| F|  |TAMS 0x0000000086700000, 0x0000000086700000| Untracked 
|  22|0x0000000086800000, 0x0000000086800000, 0x0000000086900000|  0%| F|  |TAMS 0x0000000086800000, 0x0000000086800000| Untracked 
|  23|0x0000000086900000, 0x0000000086900000, 0x0000000086a00000|  0%| F|  |TAMS 0x0000000086900000, 0x0000000086900000| Untracked 
|  24|0x0000000086a00000, 0x0000000086a00000, 0x0000000086b00000|  0%| F|  |TAMS 0x0000000086a00000, 0x0000000086a00000| Untracked 
|  25|0x0000000086b00000, 0x0000000086b00000, 0x0000000086c00000|  0%| F|  |TAMS 0x0000000086b00000, 0x0000000086b00000| Untracked 
|  26|0x0000000086c00000, 0x0000000086c00000, 0x0000000086d00000|  0%| F|  |TAMS 0x0000000086c00000, 0x0000000086c00000| Untracked 
|  27|0x0000000086d00000, 0x0000000086d00000, 0x0000000086e00000|  0%| F|  |TAMS 0x0000000086d00000, 0x0000000086d00000| Untracked 
|  28|0x0000000086e00000, 0x0000000086e00000, 0x0000000086f00000|  0%| F|  |TAMS 0x0000000086e00000, 0x0000000086e00000| Untracked 
|  29|0x0000000086f00000, 0x0000000086f00000, 0x0000000087000000|  0%| F|  |TAMS 0x0000000086f00000, 0x0000000086f00000| Untracked 
|  30|0x0000000087000000, 0x0000000087000000, 0x0000000087100000|  0%| F|  |TAMS 0x0000000087000000, 0x0000000087000000| Untracked 
|  31|0x0000000087100000, 0x0000000087100000, 0x0000000087200000|  0%| F|  |TAMS 0x0000000087100000, 0x0000000087100000| Untracked 
|  32|0x0000000087200000, 0x0000000087200000, 0x0000000087300000|  0%| F|  |TAMS 0x0000000087200000, 0x0000000087200000| Untracked 
|  33|0x0000000087300000, 0x0000000087300000, 0x0000000087400000|  0%| F|  |TAMS 0x0000000087300000, 0x0000000087300000| Untracked 
|  34|0x0000000087400000, 0x0000000087400000, 0x0000000087500000|  0%| F|  |TAMS 0x0000000087400000, 0x0000000087400000| Untracked 
|  35|0x0000000087500000, 0x0000000087500000, 0x0000000087600000|  0%| F|  |TAMS 0x0000000087500000, 0x0000000087500000| Untracked 
|  36|0x0000000087600000, 0x0000000087600000, 0x0000000087700000|  0%| F|  |TAMS 0x0000000087600000, 0x0000000087600000| Untracked 
|  37|0x0000000087700000, 0x0000000087700000, 0x0000000087800000|  0%| F|  |TAMS 0x0000000087700000, 0x0000000087700000| Untracked 
|  38|0x0000000087800000, 0x0000000087800000, 0x0000000087900000|  0%| F|  |TAMS 0x0000000087800000, 0x0000000087800000| Untracked 
|  39|0x0000000087900000, 0x0000000087900000, 0x0000000087a00000|  0%| F|  |TAMS 0x0000000087900000, 0x0000000087900000| Untracked 
|  40|0x0000000087a00000, 0x0000000087a00000, 0x0000000087b00000|  0%| F|  |TAMS 0x0000000087a00000, 0x0000000087a00000| Untracked 
|  41|0x0000000087b00000, 0x0000000087b00000, 0x0000000087c00000|  0%| F|  |TAMS 0x0000000087b00000, 0x0000000087b00000| Untracked 
|  42|0x0000000087c00000, 0x0000000087c00000, 0x0000000087d00000|  0%| F|  |TAMS 0x0000000087c00000, 0x0000000087c00000| Untracked 
|  43|0x0000000087d00000, 0x0000000087d00000, 0x0000000087e00000|  0%| F|  |TAMS 0x0000000087d00000, 0x0000000087d00000| Untracked 
|  44|0x0000000087e00000, 0x0000000087e00000, 0x0000000087f00000|  0%| F|  |TAMS 0x0000000087e00000, 0x0000000087e00000| Untracked 
|  45|0x0000000087f00000, 0x0000000087f00000, 0x0000000088000000|  0%| F|  |TAMS 0x0000000087f00000, 0x0000000087f00000| Untracked 
|  46|0x0000000088000000, 0x0000000088000000, 0x0000000088100000|  0%| F|  |TAMS 0x0000000088000000, 0x0000000088000000| Untracked 
|  47|0x0000000088100000, 0x0000000088100000, 0x0000000088200000|  0%| F|  |TAMS 0x0000000088100000, 0x0000000088100000| Untracked 
|  48|0x0000000088200000, 0x0000000088200000, 0x0000000088300000|  0%| F|  |TAMS 0x0000000088200000, 0x0000000088200000| Untracked 
|  49|0x0000000088300000, 0x0000000088300000, 0x0000000088400000|  0%| F|  |TAMS 0x0000000088300000, 0x0000000088300000| Untracked 
|  50|0x0000000088400000, 0x0000000088400000, 0x0000000088500000|  0%| F|  |TAMS 0x0000000088400000, 0x0000000088400000| Untracked 
|  51|0x0000000088500000, 0x0000000088500000, 0x0000000088600000|  0%| F|  |TAMS 0x0000000088500000, 0x0000000088500000| Untracked 
|  52|0x0000000088600000, 0x0000000088600000, 0x0000000088700000|  0%| F|  |TAMS 0x0000000088600000, 0x0000000088600000| Untracked 
|  53|0x0000000088700000, 0x0000000088700000, 0x0000000088800000|  0%| F|  |TAMS 0x0000000088700000, 0x0000000088700000| Untracked 
|  54|0x0000000088800000, 0x0000000088800000, 0x0000000088900000|  0%| F|  |TAMS 0x0000000088800000, 0x0000000088800000| Untracked 
|  55|0x0000000088900000, 0x0000000088900000, 0x0000000088a00000|  0%| F|  |TAMS 0x0000000088900000, 0x0000000088900000| Untracked 
|  56|0x0000000088a00000, 0x0000000088a00000, 0x0000000088b00000|  0%| F|  |TAMS 0x0000000088a00000, 0x0000000088a00000| Untracked 
|  57|0x0000000088b00000, 0x0000000088b00000, 0x0000000088c00000|  0%| F|  |TAMS 0x0000000088b00000, 0x0000000088b00000| Untracked 
|  58|0x0000000088c00000, 0x0000000088c00000, 0x0000000088d00000|  0%| F|  |TAMS 0x0000000088c00000, 0x0000000088c00000| Untracked 
|  59|0x0000000088d00000, 0x0000000088d00000, 0x0000000088e00000|  0%| F|  |TAMS 0x0000000088d00000, 0x0000000088d00000| Untracked 
|  60|0x0000000088e00000, 0x0000000088e00000, 0x0000000088f00000|  0%| F|  |TAMS 0x0000000088e00000, 0x0000000088e00000| Untracked 
|  61|0x0000000088f00000, 0x0000000088f00000, 0x0000000089000000|  0%| F|  |TAMS 0x0000000088f00000, 0x0000000088f00000| Untracked 
|  62|0x0000000089000000, 0x0000000089000000, 0x0000000089100000|  0%| F|  |TAMS 0x0000000089000000, 0x0000000089000000| Untracked 
|  63|0x0000000089100000, 0x0000000089100000, 0x0000000089200000|  0%| F|  |TAMS 0x0000000089100000, 0x0000000089100000| Untracked 
|  64|0x0000000089200000, 0x0000000089200000, 0x0000000089300000|  0%| F|  |TAMS 0x0000000089200000, 0x0000000089200000| Untracked 
|  65|0x0000000089300000, 0x0000000089300000, 0x0000000089400000|  0%| F|  |TAMS 0x0000000089300000, 0x0000000089300000| Untracked 
|  66|0x0000000089400000, 0x0000000089400000, 0x0000000089500000|  0%| F|  |TAMS 0x0000000089400000, 0x0000000089400000| Untracked 
|  67|0x0000000089500000, 0x0000000089500000, 0x0000000089600000|  0%| F|  |TAMS 0x0000000089500000, 0x0000000089500000| Untracked 
|  68|0x0000000089600000, 0x0000000089600000, 0x0000000089700000|  0%| F|  |TAMS 0x0000000089600000, 0x0000000089600000| Untracked 
|  69|0x0000000089700000, 0x0000000089700000, 0x0000000089800000|  0%| F|  |TAMS 0x0000000089700000, 0x0000000089700000| Untracked 
|  70|0x0000000089800000, 0x0000000089800000, 0x0000000089900000|  0%| F|  |TAMS 0x0000000089800000, 0x0000000089800000| Untracked 
|  71|0x0000000089900000, 0x0000000089900000, 0x0000000089a00000|  0%| F|  |TAMS 0x0000000089900000, 0x0000000089900000| Untracked 
|  72|0x0000000089a00000, 0x0000000089a00000, 0x0000000089b00000|  0%| F|  |TAMS 0x0000000089a00000, 0x0000000089a00000| Untracked 
|  73|0x0000000089b00000, 0x0000000089b00000, 0x0000000089c00000|  0%| F|  |TAMS 0x0000000089b00000, 0x0000000089b00000| Untracked 
|  74|0x0000000089c00000, 0x0000000089c00000, 0x0000000089d00000|  0%| F|  |TAMS 0x0000000089c00000, 0x0000000089c00000| Untracked 
|  75|0x0000000089d00000, 0x0000000089d00000, 0x0000000089e00000|  0%| F|  |TAMS 0x0000000089d00000, 0x0000000089d00000| Untracked 
|  76|0x0000000089e00000, 0x0000000089e00000, 0x0000000089f00000|  0%| F|  |TAMS 0x0000000089e00000, 0x0000000089e00000| Untracked 
|  77|0x0000000089f00000, 0x0000000089f00000, 0x000000008a000000|  0%| F|  |TAMS 0x0000000089f00000, 0x0000000089f00000| Untracked 
|  78|0x000000008a000000, 0x000000008a000000, 0x000000008a100000|  0%| F|  |TAMS 0x000000008a000000, 0x000000008a000000| Untracked 
|  79|0x000000008a100000, 0x000000008a100000, 0x000000008a200000|  0%| F|  |TAMS 0x000000008a100000, 0x000000008a100000| Untracked 
|  80|0x000000008a200000, 0x000000008a200000, 0x000000008a300000|  0%| F|  |TAMS 0x000000008a200000, 0x000000008a200000| Untracked 
|  81|0x000000008a300000, 0x000000008a300000, 0x000000008a400000|  0%| F|  |TAMS 0x000000008a300000, 0x000000008a300000| Untracked 
|  82|0x000000008a400000, 0x000000008a400000, 0x000000008a500000|  0%| F|  |TAMS 0x000000008a400000, 0x000000008a400000| Untracked 
|  83|0x000000008a500000, 0x000000008a500000, 0x000000008a600000|  0%| F|  |TAMS 0x000000008a500000, 0x000000008a500000| Untracked 
|  84|0x000000008a600000, 0x000000008a600000, 0x000000008a700000|  0%| F|  |TAMS 0x000000008a600000, 0x000000008a600000| Untracked 
|  85|0x000000008a700000, 0x000000008a700000, 0x000000008a800000|  0%| F|  |TAMS 0x000000008a700000, 0x000000008a700000| Untracked 
|  86|0x000000008a800000, 0x000000008a800000, 0x000000008a900000|  0%| F|  |TAMS 0x000000008a800000, 0x000000008a800000| Untracked 
|  87|0x000000008a900000, 0x000000008a900000, 0x000000008aa00000|  0%| F|  |TAMS 0x000000008a900000, 0x000000008a900000| Untracked 
|  88|0x000000008aa00000, 0x000000008aa00000, 0x000000008ab00000|  0%| F|  |TAMS 0x000000008aa00000, 0x000000008aa00000| Untracked 
|  89|0x000000008ab00000, 0x000000008ab00000, 0x000000008ac00000|  0%| F|  |TAMS 0x000000008ab00000, 0x000000008ab00000| Untracked 
|  90|0x000000008ac00000, 0x000000008ac00000, 0x000000008ad00000|  0%| F|  |TAMS 0x000000008ac00000, 0x000000008ac00000| Untracked 
|  91|0x000000008ad00000, 0x000000008ad00000, 0x000000008ae00000|  0%| F|  |TAMS 0x000000008ad00000, 0x000000008ad00000| Untracked 
|  92|0x000000008ae00000, 0x000000008ae00000, 0x000000008af00000|  0%| F|  |TAMS 0x000000008ae00000, 0x000000008ae00000| Untracked 
|  93|0x000000008af00000, 0x000000008af00000, 0x000000008b000000|  0%| F|  |TAMS 0x000000008af00000, 0x000000008af00000| Untracked 
|  94|0x000000008b000000, 0x000000008b000000, 0x000000008b100000|  0%| F|  |TAMS 0x000000008b000000, 0x000000008b000000| Untracked 
|  95|0x000000008b100000, 0x000000008b100000, 0x000000008b200000|  0%| F|  |TAMS 0x000000008b100000, 0x000000008b100000| Untracked 
|  96|0x000000008b200000, 0x000000008b200000, 0x000000008b300000|  0%| F|  |TAMS 0x000000008b200000, 0x000000008b200000| Untracked 
|  97|0x000000008b300000, 0x000000008b300000, 0x000000008b400000|  0%| F|  |TAMS 0x000000008b300000, 0x000000008b300000| Untracked 
|  98|0x000000008b400000, 0x000000008b400000, 0x000000008b500000|  0%| F|  |TAMS 0x000000008b400000, 0x000000008b400000| Untracked 
|  99|0x000000008b500000, 0x000000008b500000, 0x000000008b600000|  0%| F|  |TAMS 0x000000008b500000, 0x000000008b500000| Untracked 
| 100|0x000000008b600000, 0x000000008b600000, 0x000000008b700000|  0%| F|  |TAMS 0x000000008b600000, 0x000000008b600000| Untracked 
| 101|0x000000008b700000, 0x000000008b700000, 0x000000008b800000|  0%| F|  |TAMS 0x000000008b700000, 0x000000008b700000| Untracked 
| 102|0x000000008b800000, 0x000000008b800000, 0x000000008b900000|  0%| F|  |TAMS 0x000000008b800000, 0x000000008b800000| Untracked 
| 103|0x000000008b900000, 0x000000008b900000, 0x000000008ba00000|  0%| F|  |TAMS 0x000000008b900000, 0x000000008b900000| Untracked 
| 104|0x000000008ba00000, 0x000000008ba00000, 0x000000008bb00000|  0%| F|  |TAMS 0x000000008ba00000, 0x000000008ba00000| Untracked 
| 105|0x000000008bb00000, 0x000000008bb00000, 0x000000008bc00000|  0%| F|  |TAMS 0x000000008bb00000, 0x000000008bb00000| Untracked 
| 106|0x000000008bc00000, 0x000000008bc00000, 0x000000008bd00000|  0%| F|  |TAMS 0x000000008bc00000, 0x000000008bc00000| Untracked 
| 107|0x000000008bd00000, 0x000000008bd00000, 0x000000008be00000|  0%| F|  |TAMS 0x000000008bd00000, 0x000000008bd00000| Untracked 
| 108|0x000000008be00000, 0x000000008be00000, 0x000000008bf00000|  0%| F|  |TAMS 0x000000008be00000, 0x000000008be00000| Untracked 
| 109|0x000000008bf00000, 0x000000008bf00000, 0x000000008c000000|  0%| F|  |TAMS 0x000000008bf00000, 0x000000008bf00000| Untracked 
| 110|0x000000008c000000, 0x000000008c000000, 0x000000008c100000|  0%| F|  |TAMS 0x000000008c000000, 0x000000008c000000| Untracked 
| 111|0x000000008c100000, 0x000000008c100000, 0x000000008c200000|  0%| F|  |TAMS 0x000000008c100000, 0x000000008c100000| Untracked 
| 112|0x000000008c200000, 0x000000008c200000, 0x000000008c300000|  0%| F|  |TAMS 0x000000008c200000, 0x000000008c200000| Untracked 
| 113|0x000000008c300000, 0x000000008c300000, 0x000000008c400000|  0%| F|  |TAMS 0x000000008c300000, 0x000000008c300000| Untracked 
| 114|0x000000008c400000, 0x000000008c400000, 0x000000008c500000|  0%| F|  |TAMS 0x000000008c400000, 0x000000008c400000| Untracked 
| 115|0x000000008c500000, 0x000000008c500000, 0x000000008c600000|  0%| F|  |TAMS 0x000000008c500000, 0x000000008c500000| Untracked 
| 116|0x000000008c600000, 0x000000008c600000, 0x000000008c700000|  0%| F|  |TAMS 0x000000008c600000, 0x000000008c600000| Untracked 
| 117|0x000000008c700000, 0x000000008c700000, 0x000000008c800000|  0%| F|  |TAMS 0x000000008c700000, 0x000000008c700000| Untracked 
| 118|0x000000008c800000, 0x000000008c800000, 0x000000008c900000|  0%| F|  |TAMS 0x000000008c800000, 0x000000008c800000| Untracked 
| 119|0x000000008c900000, 0x000000008c999fa8, 0x000000008ca00000| 60%| E|  |TAMS 0x000000008c900000, 0x000000008c900000| Complete 
| 120|0x000000008ca00000, 0x000000008cb00000, 0x000000008cb00000|100%| E|CS|TAMS 0x000000008ca00000, 0x000000008ca00000| Complete 
| 121|0x000000008cb00000, 0x000000008cc00000, 0x000000008cc00000|100%| E|CS|TAMS 0x000000008cb00000, 0x000000008cb00000| Complete 
| 122|0x000000008cc00000, 0x000000008cd00000, 0x000000008cd00000|100%| E|CS|TAMS 0x000000008cc00000, 0x000000008cc00000| Complete 
| 123|0x000000008cd00000, 0x000000008ce00000, 0x000000008ce00000|100%| E|CS|TAMS 0x000000008cd00000, 0x000000008cd00000| Complete 
|1964|0x00000000ffe00000, 0x00000000ffe34000, 0x00000000fff00000| 20%|OA|  |TAMS 0x00000000ffe00000, 0x00000000ffe00000| Untracked 
|1965|0x00000000fff00000, 0x00000000fff6a000, 0x0000000100000000| 41%|CA|  |TAMS 0x00000000fff00000, 0x00000000fff00000| Untracked 

Card table byte_map: [0x00007f863a4de000,0x00007f863a8b5000] _byte_map_base: 0x00007f863a0b5000

Marking Bits (Prev, Next): (CMBitMap*) 0x00007f8654052188, (CMBitMap*) 0x00007f86540521c0
 Prev Bits: [0x00007f863824f000, 0x00007f863a107000)
 Next Bits: [0x00007f8632148000, 0x00007f8634000000)

Polling page: 0x00007f865ad8e000

Metaspace:

Usage:
  Non-class:      4.30 MB capacity,     2.29 MB ( 53%) used,     2.01 MB ( 47%) free+waste,     2.62 KB ( <1%) overhead. 
      Class:    442.00 KB capacity,   237.90 KB ( 54%) used,   202.60 KB ( 46%) free+waste,     1.50 KB ( <1%) overhead. 
       Both:      4.73 MB capacity,     2.52 MB ( 53%) used,     2.21 MB ( 47%) free+waste,     4.12 KB ( <1%) overhead. 

Virtual space:
  Non-class space:        8.00 MB reserved,       4.50 MB ( 56%) committed 
      Class space:        1.00 GB reserved,     512.00 KB ( <1%) committed 
             Both:        1.01 GB reserved,       5.00 MB ( <1%) committed 

Chunk freelists:
   Non-Class:  43.00 KB
       Class:  6.00 KB
        Both:  49.00 KB

CodeHeap 'non-profiled nmethods': size=120032Kb used=116Kb max_used=116Kb free=119915Kb
 bounds [0x00007f8642d45000, 0x00007f8642fb5000, 0x00007f864a27d000]
CodeHeap 'profiled nmethods': size=120032Kb used=515Kb max_used=515Kb free=119516Kb
 bounds [0x00007f863b80d000, 0x00007f863ba7d000, 0x00007f8642d45000]
CodeHeap 'non-nmethods': size=5696Kb used=1126Kb max_used=1141Kb free=4569Kb
 bounds [0x00007f863b27d000, 0x00007f863b4ed000, 0x00007f863b80d000]
 total_blobs=820 nmethods=367 adapters=273
 compilation: enabled
              stopped_count=0, restarted_count=0
 full_count=0

Compilation events (10 events):
Event: 292.242 Thread 0x00007f865417c800 nmethod 363 0x00007f863b88b810 code [0x00007f863b88ba20, 0x00007f863b88c138]
Event: 292.242 Thread 0x00007f865417c800  364       3       java.lang.StringUTF16::compress (20 bytes)
Event: 292.242 Thread 0x00007f865417a800 nmethod 362 0x00007f8642d62010 code [0x00007f8642d621a0, 0x00007f8642d622b8]
Event: 292.242 Thread 0x00007f865417c800 nmethod 364 0x00007f863b88c410 code [0x00007f863b88c5e0, 0x00007f863b88c888]
Event: 292.243 Thread 0x00007f865417c800  365       3       java.lang.String::<init> (14 bytes)
Event: 292.243 Thread 0x00007f865417c800 nmethod 365 0x00007f863b88c990 code [0x00007f863b88cb60, 0x00007f863b88cdd8]
Event: 292.243 Thread 0x00007f865417c800  366       3       java.lang.String::rangeCheck (9 bytes)
Event: 292.245 Thread 0x00007f865417c800 nmethod 366 0x00007f863b88cf10 code [0x00007f863b88d0c0, 0x00007f863b88d248]
Event: 337.364 Thread 0x00007f865417c800  367       3       org.eclipse.jdt.launching.internal.org.objectweb.asm.ClassReader::createDebugLabel (23 bytes)
Event: 337.365 Thread 0x00007f865417c800 nmethod 367 0x00007f863b88d310 code [0x00007f863b88d500, 0x00007f863b88dab0]

GC Heap History (0 events):
No events

Deoptimization events (10 events):
Event: 0.213 Thread 0x00007f8654013800 DEOPT PACKING pc=0x00007f863b8708ea sp=0x00007f865ad70540
Event: 0.213 Thread 0x00007f8654013800 DEOPT UNPACKING pc=0x00007f863b2b603a sp=0x00007f865ad6fa28 mode 0
Event: 0.215 Thread 0x00007f8654013800 DEOPT PACKING pc=0x00007f863b8708ea sp=0x00007f865ad6f010
Event: 0.215 Thread 0x00007f8654013800 DEOPT UNPACKING pc=0x00007f863b2b603a sp=0x00007f865ad6e4f8 mode 0
Event: 0.215 Thread 0x00007f8654013800 DEOPT PACKING pc=0x00007f863b8708ea sp=0x00007f865ad6f010
Event: 0.215 Thread 0x00007f8654013800 DEOPT UNPACKING pc=0x00007f863b2b603a sp=0x00007f865ad6e4f8 mode 0
Event: 0.215 Thread 0x00007f8654013800 DEOPT PACKING pc=0x00007f863b8708ea sp=0x00007f865ad6f010
Event: 0.215 Thread 0x00007f8654013800 DEOPT UNPACKING pc=0x00007f863b2b603a sp=0x00007f865ad6e4f8 mode 0
Event: 0.219 Thread 0x00007f8654013800 DEOPT PACKING pc=0x00007f863b8708ea sp=0x00007f865ad703c0
Event: 0.219 Thread 0x00007f8654013800 DEOPT UNPACKING pc=0x00007f863b2b603a sp=0x00007f865ad6f8a8 mode 0

Classes redefined (3 events):
Event: 73.007 Thread 0x00007f865416e000 redefined class name=com.bridgelabz.datast.Prime2dTest, count=1
Event: 292.244 Thread 0x00007f865416e000 redefined class name=com.bridgelabz.datast.Prime2dTest, count=2
Event: 337.367 Thread 0x00007f865416e000 redefined class name=com.bridgelabz.datast.Prime2dTest, count=3

Internal exceptions (0 events):
No events

Events (10 events):
Event: 342.817 Executing VM operation: GetCurrentContendedMonitor done
Event: 342.817 Executing VM operation: GetOwnedMonitorInfo
Event: 342.817 Executing VM operation: GetOwnedMonitorInfo done
Event: 342.817 Executing VM operation: GetCurrentContendedMonitor
Event: 342.817 Executing VM operation: GetCurrentContendedMonitor done
Event: 342.818 Executing VM operation: GetCurrentContendedMonitor
Event: 342.818 Executing VM operation: GetCurrentContendedMonitor done
Event: 342.818 Executing VM operation: GetOwnedMonitorInfo
Event: 342.818 Executing VM operation: GetOwnedMonitorInfo done
Event: 342.894 Executing VM operation: GetOrSetLocal


Dynamic libraries:
85200000-8ce00000 rw-p 00000000 00:00 0 
8ce00000-ffe00000 ---p 00000000 00:00 0 
ffe00000-ffe34000 rw-p 01116000 08:02 1441800                            /usr/lib/jvm/java-11-openjdk-amd64/lib/server/classes.jsa
ffe34000-fff00000 rw-p 00000000 00:00 0 
fff00000-fff6a000 rw-p 010ac000 08:02 1441800                            /usr/lib/jvm/java-11-openjdk-amd64/lib/server/classes.jsa
fff6a000-100000000 rw-p 00000000 00:00 0 
800000000-800002000 rwxp 00001000 08:02 1441800                          /usr/lib/jvm/java-11-openjdk-amd64/lib/server/classes.jsa
800002000-8010ab000 rw-p 00003000 08:02 1441800                          /usr/lib/jvm/java-11-openjdk-amd64/lib/server/classes.jsa
840000000-840080000 rw-p 00000000 00:00 0 
840080000-880000000 ---p 00000000 00:00 0 
56117883a000-56117883b000 r-xp 00000000 08:02 19273053                   /usr/lib/jvm/java-11-openjdk-amd64/bin/java
561178a3b000-561178a3c000 r--p 00001000 08:02 19273053                   /usr/lib/jvm/java-11-openjdk-amd64/bin/java
561178a3c000-561178a3d000 rw-p 00002000 08:02 19273053                   /usr/lib/jvm/java-11-openjdk-amd64/bin/java
561179e48000-561179e69000 rw-p 00000000 00:00 0                          [heap]
7f85e8000000-7f85e8021000 rw-p 00000000 00:00 0 
7f85e8021000-7f85ec000000 ---p 00000000 00:00 0 
7f85ec000000-7f85ec021000 rw-p 00000000 00:00 0 
7f85ec021000-7f85f0000000 ---p 00000000 00:00 0 
7f85f0000000-7f85f0021000 rw-p 00000000 00:00 0 
7f85f0021000-7f85f4000000 ---p 00000000 00:00 0 
7f85f4000000-7f85f4021000 rw-p 00000000 00:00 0 
7f85f4021000-7f85f8000000 ---p 00000000 00:00 0 
7f85f8000000-7f85f8021000 rw-p 00000000 00:00 0 
7f85f8021000-7f85fc000000 ---p 00000000 00:00 0 
7f85fc000000-7f85fc021000 rw-p 00000000 00:00 0 
7f85fc021000-7f8600000000 ---p 00000000 00:00 0 
7f8600000000-7f8600109000 rw-p 00000000 00:00 0 
7f8600109000-7f8604000000 ---p 00000000 00:00 0 
7f8604000000-7f8604021000 rw-p 00000000 00:00 0 
7f8604021000-7f8608000000 ---p 00000000 00:00 0 
7f8608000000-7f8608021000 rw-p 00000000 00:00 0 
7f8608021000-7f860c000000 ---p 00000000 00:00 0 
7f860c000000-7f860c2ad000 rw-p 00000000 00:00 0 
7f860c2ad000-7f8610000000 ---p 00000000 00:00 0 
7f8610000000-7f8610021000 rw-p 00000000 00:00 0 
7f8610021000-7f8614000000 ---p 00000000 00:00 0 
7f8614000000-7f8614021000 rw-p 00000000 00:00 0 
7f8614021000-7f8618000000 ---p 00000000 00:00 0 
7f8618000000-7f8618021000 rw-p 00000000 00:00 0 
7f8618021000-7f861c000000 ---p 00000000 00:00 0 
7f861c000000-7f861c021000 rw-p 00000000 00:00 0 
7f861c021000-7f8620000000 ---p 00000000 00:00 0 
7f8620000000-7f8620021000 rw-p 00000000 00:00 0 
7f8620021000-7f8624000000 ---p 00000000 00:00 0 
7f8624000000-7f8624021000 rw-p 00000000 00:00 0 
7f8624021000-7f8628000000 ---p 00000000 00:00 0 
7f86295ed000-7f86295ee000 ---p 00000000 00:00 0 
7f86295ee000-7f86296ef000 rw-p 00000000 00:00 0 
7f86296ef000-7f86296f3000 ---p 00000000 00:00 0 
7f86296f3000-7f86297f0000 rw-p 00000000 00:00 0 
7f86297f0000-7f8629806000 r-xp 00000000 08:02 19277787                   /usr/lib/jvm/java-11-openjdk-amd64/lib/libnet.so
7f8629806000-7f8629a05000 ---p 00016000 08:02 19277787                   /usr/lib/jvm/java-11-openjdk-amd64/lib/libnet.so
7f8629a05000-7f8629a06000 r--p 00015000 08:02 19277787                   /usr/lib/jvm/java-11-openjdk-amd64/lib/libnet.so
7f8629a06000-7f8629a07000 rw-p 00016000 08:02 19277787                   /usr/lib/jvm/java-11-openjdk-amd64/lib/libnet.so
7f8629a07000-7f8629a17000 r-xp 00000000 08:02 19277788                   /usr/lib/jvm/java-11-openjdk-amd64/lib/libnio.so
7f8629a17000-7f8629c16000 ---p 00010000 08:02 19277788                   /usr/lib/jvm/java-11-openjdk-amd64/lib/libnio.so
7f8629c16000-7f8629c17000 r--p 0000f000 08:02 19277788                   /usr/lib/jvm/java-11-openjdk-amd64/lib/libnio.so
7f8629c17000-7f8629c18000 rw-p 00010000 08:02 19277788                   /usr/lib/jvm/java-11-openjdk-amd64/lib/libnio.so
7f8629c18000-7f8629c1c000 ---p 00000000 00:00 0 
7f8629c1c000-7f8629d19000 rw-p 00000000 00:00 0 
7f8629d19000-7f8629d1d000 ---p 00000000 00:00 0 
7f8629d1d000-7f8629e1a000 rw-p 00000000 00:00 0 
7f8629e1a000-7f8629e1e000 ---p 00000000 00:00 0 
7f8629e1e000-7f8629f1b000 rw-p 00000000 00:00 0 
7f8629f1b000-7f8629f1f000 r-xp 00000000 08:02 19277756                   /usr/lib/jvm/java-11-openjdk-amd64/lib/libdt_socket.so
7f8629f1f000-7f862a11f000 ---p 00004000 08:02 19277756                   /usr/lib/jvm/java-11-openjdk-amd64/lib/libdt_socket.so
7f862a11f000-7f862a120000 r--p 00004000 08:02 19277756                   /usr/lib/jvm/java-11-openjdk-amd64/lib/libdt_socket.so
7f862a120000-7f862a121000 rw-p 00005000 08:02 19277756                   /usr/lib/jvm/java-11-openjdk-amd64/lib/libdt_socket.so
7f862a121000-7f862a125000 ---p 00000000 00:00 0 
7f862a125000-7f862a222000 rw-p 00000000 00:00 0 
7f862a222000-7f862a226000 ---p 00000000 00:00 0 
7f862a226000-7f862a323000 rw-p 00000000 00:00 0 
7f862a323000-7f862a327000 ---p 00000000 00:00 0 
7f862a327000-7f862a424000 rw-p 00000000 00:00 0 
7f862a424000-7f862a428000 ---p 00000000 00:00 0 
7f862a428000-7f862a525000 rw-p 00000000 00:00 0 
7f862a525000-7f862a529000 ---p 00000000 00:00 0 
7f862a529000-7f862a626000 rw-p 00000000 00:00 0 
7f862a626000-7f862aff5000 r--p 00000000 08:02 18092760                   /usr/lib/locale/locale-archive
7f862aff5000-7f862aff9000 ---p 00000000 00:00 0 
7f862aff9000-7f862b0f6000 rw-p 00000000 00:00 0 
7f862b0f6000-7f862b0fa000 ---p 00000000 00:00 0 
7f862b0fa000-7f862b1f7000 rw-p 00000000 00:00 0 
7f862b1f7000-7f862b1f8000 ---p 00000000 00:00 0 
7f862b1f8000-7f862b779000 rw-p 00000000 00:00 0 
7f862b779000-7f862baf9000 ---p 00000000 00:00 0 
7f862baf9000-7f862bafa000 ---p 00000000 00:00 0 
7f862bafa000-7f862bbfb000 rw-p 00000000 00:00 0 
7f862bbfb000-7f862bbfc000 ---p 00000000 00:00 0 
7f862bbfc000-7f862c000000 rw-p 00000000 00:00 0 
7f862c000000-7f862c021000 rw-p 00000000 00:00 0 
7f862c021000-7f8630000000 ---p 00000000 00:00 0 
7f8630047000-7f8632338000 rw-p 00000000 00:00 0 
7f8632338000-7f8633ff8000 ---p 00000000 00:00 0 
7f8633ff8000-7f8634000000 rw-p 00000000 00:00 0 
7f8634000000-7f8634021000 rw-p 00000000 00:00 0 
7f8634021000-7f8638000000 ---p 00000000 00:00 0 
7f863804b000-7f863804c000 ---p 00000000 00:00 0 
7f863804c000-7f863814d000 rw-p 00000000 00:00 0 
7f863814d000-7f863814e000 ---p 00000000 00:00 0 
7f863814e000-7f863843f000 rw-p 00000000 00:00 0 
7f863843f000-7f863a0ff000 ---p 00000000 00:00 0 
7f863a0ff000-7f863a145000 rw-p 00000000 00:00 0 
7f863a145000-7f863a4dd000 ---p 00000000 00:00 0 
7f863a4dd000-7f863a51c000 rw-p 00000000 00:00 0 
7f863a51c000-7f863a8b4000 ---p 00000000 00:00 0 
7f863a8b4000-7f863a8f3000 rw-p 00000000 00:00 0 
7f863a8f3000-7f863ac8b000 ---p 00000000 00:00 0 
7f863ac8b000-7f863b090000 rw-p 00000000 00:00 0 
7f863b090000-7f863b091000 ---p 00000000 00:00 0 
7f863b091000-7f863b197000 rw-p 00000000 00:00 0 
7f863b197000-7f863b27d000 ---p 00000000 00:00 0 
7f863b27d000-7f863b4ed000 rwxp 00000000 00:00 0 
7f863b4ed000-7f863b80d000 ---p 00000000 00:00 0 
7f863b80d000-7f863ba7d000 rwxp 00000000 00:00 0 
7f863ba7d000-7f8642d45000 ---p 00000000 00:00 0 
7f8642d45000-7f8642fb5000 rwxp 00000000 00:00 0 
7f8642fb5000-7f864a27d000 ---p 00000000 00:00 0 
7f864a27d000-7f8652927000 r--s 00000000 08:02 19277797                   /usr/lib/jvm/java-11-openjdk-amd64/lib/modules
7f8652927000-7f865292c000 r-xp 00000000 08:02 19277768                   /usr/lib/jvm/java-11-openjdk-amd64/lib/libjimage.so
7f865292c000-7f8652b2b000 ---p 00005000 08:02 19277768                   /usr/lib/jvm/java-11-openjdk-amd64/lib/libjimage.so
7f8652b2b000-7f8652b2c000 r--p 00004000 08:02 19277768                   /usr/lib/jvm/java-11-openjdk-amd64/lib/libjimage.so
7f8652b2c000-7f8652b2d000 rw-p 00005000 08:02 19277768                   /usr/lib/jvm/java-11-openjdk-amd64/lib/libjimage.so
7f8652b2d000-7f8652b34000 r-xp 00000000 08:02 19277796                   /usr/lib/jvm/java-11-openjdk-amd64/lib/libzip.so
7f8652b34000-7f8652d33000 ---p 00007000 08:02 19277796                   /usr/lib/jvm/java-11-openjdk-amd64/lib/libzip.so
7f8652d33000-7f8652d34000 r--p 00006000 08:02 19277796                   /usr/lib/jvm/java-11-openjdk-amd64/lib/libzip.so
7f8652d34000-7f8652d35000 rw-p 00007000 08:02 19277796                   /usr/lib/jvm/java-11-openjdk-amd64/lib/libzip.so
7f8652d35000-7f8652d40000 r-xp 00000000 08:02 17830657                   /lib/x86_64-linux-gnu/libnss_files-2.27.so
7f8652d40000-7f8652f3f000 ---p 0000b000 08:02 17830657                   /lib/x86_64-linux-gnu/libnss_files-2.27.so
7f8652f3f000-7f8652f40000 r--p 0000a000 08:02 17830657                   /lib/x86_64-linux-gnu/libnss_files-2.27.so
7f8652f40000-7f8652f41000 rw-p 0000b000 08:02 17830657                   /lib/x86_64-linux-gnu/libnss_files-2.27.so
7f8652f41000-7f8652f47000 rw-p 00000000 00:00 0 
7f8652f47000-7f8652f5e000 r-xp 00000000 08:02 17830651                   /lib/x86_64-linux-gnu/libnsl-2.27.so
7f8652f5e000-7f865315d000 ---p 00017000 08:02 17830651                   /lib/x86_64-linux-gnu/libnsl-2.27.so
7f865315d000-7f865315e000 r--p 00016000 08:02 17830651                   /lib/x86_64-linux-gnu/libnsl-2.27.so
7f865315e000-7f865315f000 rw-p 00017000 08:02 17830651                   /lib/x86_64-linux-gnu/libnsl-2.27.so
7f865315f000-7f8653161000 rw-p 00000000 00:00 0 
7f8653161000-7f865316c000 r-xp 00000000 08:02 17830668                   /lib/x86_64-linux-gnu/libnss_nis-2.27.so
7f865316c000-7f865336b000 ---p 0000b000 08:02 17830668                   /lib/x86_64-linux-gnu/libnss_nis-2.27.so
7f865336b000-7f865336c000 r--p 0000a000 08:02 17830668                   /lib/x86_64-linux-gnu/libnss_nis-2.27.so
7f865336c000-7f865336d000 rw-p 0000b000 08:02 17830668                   /lib/x86_64-linux-gnu/libnss_nis-2.27.so
7f865336d000-7f8653375000 r-xp 00000000 08:02 17830653                   /lib/x86_64-linux-gnu/libnss_compat-2.27.so
7f8653375000-7f8653575000 ---p 00008000 08:02 17830653                   /lib/x86_64-linux-gnu/libnss_compat-2.27.so
7f8653575000-7f8653576000 r--p 00008000 08:02 17830653                   /lib/x86_64-linux-gnu/libnss_compat-2.27.so
7f8653576000-7f8653577000 rw-p 00009000 08:02 17830653                   /lib/x86_64-linux-gnu/libnss_compat-2.27.so
7f8653577000-7f8653581000 r-xp 00000000 08:02 19277759                   /usr/lib/jvm/java-11-openjdk-amd64/lib/libinstrument.so
7f8653581000-7f8653780000 ---p 0000a000 08:02 19277759                   /usr/lib/jvm/java-11-openjdk-amd64/lib/libinstrument.so
7f8653780000-7f8653781000 r--p 00009000 08:02 19277759                   /usr/lib/jvm/java-11-openjdk-amd64/lib/libinstrument.so
7f8653781000-7f8653782000 rw-p 0000a000 08:02 19277759                   /usr/lib/jvm/java-11-openjdk-amd64/lib/libinstrument.so
7f8653782000-7f86537bd000 r-xp 00000000 08:02 19277767                   /usr/lib/jvm/java-11-openjdk-amd64/lib/libjdwp.so
7f86537bd000-7f86539bc000 ---p 0003b000 08:02 19277767                   /usr/lib/jvm/java-11-openjdk-amd64/lib/libjdwp.so
7f86539bc000-7f86539bd000 r--p 0003a000 08:02 19277767                   /usr/lib/jvm/java-11-openjdk-amd64/lib/libjdwp.so
7f86539bd000-7f86539be000 rw-p 0003b000 08:02 19277767                   /usr/lib/jvm/java-11-openjdk-amd64/lib/libjdwp.so
7f86539be000-7f86539e7000 r-xp 00000000 08:02 19277764                   /usr/lib/jvm/java-11-openjdk-amd64/lib/libjava.so
7f86539e7000-7f8653be6000 ---p 00029000 08:02 19277764                   /usr/lib/jvm/java-11-openjdk-amd64/lib/libjava.so
7f8653be6000-7f8653be7000 r--p 00028000 08:02 19277764                   /usr/lib/jvm/java-11-openjdk-amd64/lib/libjava.so
7f8653be7000-7f8653be9000 rw-p 00029000 08:02 19277764                   /usr/lib/jvm/java-11-openjdk-amd64/lib/libjava.so
7f8653be9000-7f8653bf6000 r-xp 00000000 08:02 19277795                   /usr/lib/jvm/java-11-openjdk-amd64/lib/libverify.so
7f8653bf6000-7f8653df5000 ---p 0000d000 08:02 19277795                   /usr/lib/jvm/java-11-openjdk-amd64/lib/libverify.so
7f8653df5000-7f8653df7000 r--p 0000c000 08:02 19277795                   /usr/lib/jvm/java-11-openjdk-amd64/lib/libverify.so
7f8653df7000-7f8653df8000 rw-p 0000e000 08:02 19277795                   /usr/lib/jvm/java-11-openjdk-amd64/lib/libverify.so
7f8653df8000-7f8653dff000 r-xp 00000000 08:02 17830708                   /lib/x86_64-linux-gnu/librt-2.27.so
7f8653dff000-7f8653ffe000 ---p 00007000 08:02 17830708                   /lib/x86_64-linux-gnu/librt-2.27.so
7f8653ffe000-7f8653fff000 r--p 00006000 08:02 17830708                   /lib/x86_64-linux-gnu/librt-2.27.so
7f8653fff000-7f8654000000 rw-p 00007000 08:02 17830708                   /lib/x86_64-linux-gnu/librt-2.27.so
7f8654000000-7f86543da000 rw-p 00000000 00:00 0 
7f86543da000-7f8658000000 ---p 00000000 00:00 0 
7f8658067000-7f86580ed000 rw-p 00000000 00:00 0 
7f86580ed000-7f86581d3000 ---p 00000000 00:00 0 
7f86581d3000-7f86581ea000 r-xp 00000000 08:02 17827761                   /lib/x86_64-linux-gnu/libgcc_s.so.1
7f86581ea000-7f86583e9000 ---p 00017000 08:02 17827761                   /lib/x86_64-linux-gnu/libgcc_s.so.1
7f86583e9000-7f86583ea000 r--p 00016000 08:02 17827761                   /lib/x86_64-linux-gnu/libgcc_s.so.1
7f86583ea000-7f86583eb000 rw-p 00017000 08:02 17827761                   /lib/x86_64-linux-gnu/libgcc_s.so.1
7f86583eb000-7f8658588000 r-xp 00000000 08:02 17830630                   /lib/x86_64-linux-gnu/libm-2.27.so
7f8658588000-7f8658787000 ---p 0019d000 08:02 17830630                   /lib/x86_64-linux-gnu/libm-2.27.so
7f8658787000-7f8658788000 r--p 0019c000 08:02 17830630                   /lib/x86_64-linux-gnu/libm-2.27.so
7f8658788000-7f8658789000 rw-p 0019d000 08:02 17830630                   /lib/x86_64-linux-gnu/libm-2.27.so
7f8658789000-7f8658902000 r-xp 00000000 08:02 18090227                   /usr/lib/x86_64-linux-gnu/libstdc++.so.6.0.25
7f8658902000-7f8658b02000 ---p 00179000 08:02 18090227                   /usr/lib/x86_64-linux-gnu/libstdc++.so.6.0.25
7f8658b02000-7f8658b0c000 r--p 00179000 08:02 18090227                   /usr/lib/x86_64-linux-gnu/libstdc++.so.6.0.25
7f8658b0c000-7f8658b0e000 rw-p 00183000 08:02 18090227                   /usr/lib/x86_64-linux-gnu/libstdc++.so.6.0.25
7f8658b0e000-7f8658b12000 rw-p 00000000 00:00 0 
7f8658b12000-7f8659bde000 r-xp 00000000 08:02 1441961                    /usr/lib/jvm/java-11-openjdk-amd64/lib/server/libjvm.so
7f8659bde000-7f8659ddd000 ---p 010cc000 08:02 1441961                    /usr/lib/jvm/java-11-openjdk-amd64/lib/server/libjvm.so
7f8659ddd000-7f8659e9a000 r--p 010cb000 08:02 1441961                    /usr/lib/jvm/java-11-openjdk-amd64/lib/server/libjvm.so
7f8659e9a000-7f8659ed3000 rw-p 01188000 08:02 1441961                    /usr/lib/jvm/java-11-openjdk-amd64/lib/server/libjvm.so
7f8659ed3000-7f8659f29000 rw-p 00000000 00:00 0 
7f8659f29000-7f8659f43000 r-xp 00000000 08:02 17830700                   /lib/x86_64-linux-gnu/libpthread-2.27.so
7f8659f43000-7f865a142000 ---p 0001a000 08:02 17830700                   /lib/x86_64-linux-gnu/libpthread-2.27.so
7f865a142000-7f865a143000 r--p 00019000 08:02 17830700                   /lib/x86_64-linux-gnu/libpthread-2.27.so
7f865a143000-7f865a144000 rw-p 0001a000 08:02 17830700                   /lib/x86_64-linux-gnu/libpthread-2.27.so
7f865a144000-7f865a148000 rw-p 00000000 00:00 0 
7f865a148000-7f865a14b000 r-xp 00000000 08:02 17830590                   /lib/x86_64-linux-gnu/libdl-2.27.so
7f865a14b000-7f865a34a000 ---p 00003000 08:02 17830590                   /lib/x86_64-linux-gnu/libdl-2.27.so
7f865a34a000-7f865a34b000 r--p 00002000 08:02 17830590                   /lib/x86_64-linux-gnu/libdl-2.27.so
7f865a34b000-7f865a34c000 rw-p 00003000 08:02 17830590                   /lib/x86_64-linux-gnu/libdl-2.27.so
7f865a34c000-7f865a368000 r-xp 00000000 08:02 17830739                   /lib/x86_64-linux-gnu/libz.so.1.2.11
7f865a368000-7f865a567000 ---p 0001c000 08:02 17830739                   /lib/x86_64-linux-gnu/libz.so.1.2.11
7f865a567000-7f865a568000 r--p 0001b000 08:02 17830739                   /lib/x86_64-linux-gnu/libz.so.1.2.11
7f865a568000-7f865a569000 rw-p 0001c000 08:02 17830739                   /lib/x86_64-linux-gnu/libz.so.1.2.11
7f865a569000-7f865a750000 r-xp 00000000 08:02 17830567                   /lib/x86_64-linux-gnu/libc-2.27.so
7f865a750000-7f865a950000 ---p 001e7000 08:02 17830567                   /lib/x86_64-linux-gnu/libc-2.27.so
7f865a950000-7f865a954000 r--p 001e7000 08:02 17830567                   /lib/x86_64-linux-gnu/libc-2.27.so
7f865a954000-7f865a956000 rw-p 001eb000 08:02 17830567                   /lib/x86_64-linux-gnu/libc-2.27.so
7f865a956000-7f865a95a000 rw-p 00000000 00:00 0 
7f865a95a000-7f865a96a000 r-xp 00000000 08:02 1441958                    /usr/lib/jvm/java-11-openjdk-amd64/lib/jli/libjli.so
7f865a96a000-7f865ab69000 ---p 00010000 08:02 1441958                    /usr/lib/jvm/java-11-openjdk-amd64/lib/jli/libjli.so
7f865ab69000-7f865ab6a000 r--p 0000f000 08:02 1441958                    /usr/lib/jvm/java-11-openjdk-amd64/lib/jli/libjli.so
7f865ab6a000-7f865ab6b000 rw-p 00010000 08:02 1441958                    /usr/lib/jvm/java-11-openjdk-amd64/lib/jli/libjli.so
7f865ab6b000-7f865ab92000 r-xp 00000000 08:02 17830539                   /lib/x86_64-linux-gnu/ld-2.27.so
7f865abd0000-7f865abd7000 r--s 00000000 08:02 18482490                   /usr/lib/x86_64-linux-gnu/gconv/gconv-modules.cache
7f865abd7000-7f865ac74000 rw-p 00000000 00:00 0 
7f865ac74000-7f865ac78000 ---p 00000000 00:00 0 
7f865ac78000-7f865ad77000 rw-p 00000000 00:00 0 
7f865ad78000-7f865ad7d000 rw-p 00000000 00:00 0 
7f865ad7d000-7f865ad84000 ---p 00000000 00:00 0 
7f865ad84000-7f865ad86000 r--s 00007000 08:02 18617467                   /usr/share/java/java-atk-wrapper.jar
7f865ad86000-7f865ad8e000 rw-s 00000000 08:02 14417937                   /tmp/hsperfdata_admin1/13895
7f865ad8e000-7f865ad8f000 ---p 00000000 00:00 0 
7f865ad8f000-7f865ad90000 r--p 00000000 00:00 0 
7f865ad90000-7f865ad92000 rw-p 00000000 00:00 0 
7f865ad92000-7f865ad93000 r--p 00027000 08:02 17830539                   /lib/x86_64-linux-gnu/ld-2.27.so
7f865ad93000-7f865ad94000 rw-p 00028000 08:02 17830539                   /lib/x86_64-linux-gnu/ld-2.27.so
7f865ad94000-7f865ad95000 rw-p 00000000 00:00 0 
7ffd7b5fb000-7ffd7b61c000 rw-p 00000000 00:00 0                          [stack]
7ffd7b69c000-7ffd7b69f000 r--p 00000000 00:00 0                          [vvar]
7ffd7b69f000-7ffd7b6a1000 r-xp 00000000 00:00 0                          [vdso]
ffffffffff600000-ffffffffff601000 r-xp 00000000 00:00 0                  [vsyscall]


VM Arguments:
jvm_args: -agentlib:jdwp=transport=dt_socket,suspend=y,address=localhost:42105 -javaagent:/home/admin1/Desktop/XfR/Eclps/configuration/org.eclipse.osgi/216/0/.cp/lib/javaagent-shaded.jar -Dfile.encoding=UTF-8 
java_command: com.bridgelabz.datast.Prime2dTest
java_class_path (initial): /home/admin1/eclipse-workspace/DataSt/bin
Launcher Type: SUN_STANDARD

[Global flags]
     intx CICompilerCount                          = 3                                         {product} {ergonomic}
     uint ConcGCThreads                            = 1                                         {product} {ergonomic}
     uint G1ConcRefinementThreads                  = 4                                         {product} {ergonomic}
   size_t G1HeapRegionSize                         = 1048576                                   {product} {ergonomic}
    uintx GCDrainStackTargetSize                   = 64                                        {product} {ergonomic}
   size_t InitialHeapSize                          = 130023424                                 {product} {ergonomic}
   size_t MarkStackSize                            = 4194304                                   {product} {ergonomic}
   size_t MaxHeapSize                              = 2061500416                                {product} {ergonomic}
   size_t MaxNewSize                               = 1236271104                                {product} {ergonomic}
   size_t MinHeapDeltaBytes                        = 1048576                                   {product} {ergonomic}
    uintx NonNMethodCodeHeapSize                   = 5830092                                {pd product} {ergonomic}
    uintx NonProfiledCodeHeapSize                  = 122914074                              {pd product} {ergonomic}
    uintx ProfiledCodeHeapSize                     = 122914074                              {pd product} {ergonomic}
    uintx ReservedCodeCacheSize                    = 251658240                              {pd product} {ergonomic}
     bool SegmentedCodeCache                       = true                                      {product} {ergonomic}
     bool UseCompressedClassPointers               = true                                 {lp64_product} {ergonomic}
     bool UseCompressedOops                        = true                                 {lp64_product} {ergonomic}
     bool UseG1GC                                  = true                                      {product} {ergonomic}

Logging:
Log output configuration:
 #0: stdout all=warning uptime,level,tags
 #1: stderr all=off uptime,level,tags

Environment Variables:
PATH=/usr/local/sbin:/usr/local/bin:/usr/sbin:/usr/bin:/sbin:/bin:/usr/games:/usr/local/games:/snap/bin
USERNAME=admin1
SHELL=/bin/bash
DISPLAY=:0

Signal Handlers:
SIGSEGV: [libjvm.so+0xde5f50], sa_mask[0]=11111111011111111101111111111110, sa_flags=SA_RESTART|SA_SIGINFO
SIGBUS: [libjvm.so+0xde5f50], sa_mask[0]=11111111011111111101111111111110, sa_flags=SA_RESTART|SA_SIGINFO
SIGFPE: [libjvm.so+0xde5f50], sa_mask[0]=11111111011111111101111111111110, sa_flags=SA_RESTART|SA_SIGINFO
SIGPIPE: [libjvm.so+0xbba5b0], sa_mask[0]=11111111011111111101111111111110, sa_flags=SA_RESTART|SA_SIGINFO
SIGXFSZ: [libjvm.so+0xbba5b0], sa_mask[0]=11111111011111111101111111111110, sa_flags=SA_RESTART|SA_SIGINFO
SIGILL: [libjvm.so+0xde5f50], sa_mask[0]=11111111011111111101111111111110, sa_flags=SA_RESTART|SA_SIGINFO
SIGUSR2: [libjvm.so+0xbba450], sa_mask[0]=00100000000000000000000000000000, sa_flags=SA_RESTART|SA_SIGINFO
SIGHUP: [libjvm.so+0xbba7b0], sa_mask[0]=11111111011111111101111111111110, sa_flags=SA_RESTART|SA_SIGINFO
SIGINT: [libjvm.so+0xbba7b0], sa_mask[0]=11111111011111111101111111111110, sa_flags=SA_RESTART|SA_SIGINFO
SIGTERM: [libjvm.so+0xbba7b0], sa_mask[0]=11111111011111111101111111111110, sa_flags=SA_RESTART|SA_SIGINFO
SIGQUIT: [libjvm.so+0xbba7b0], sa_mask[0]=11111111011111111101111111111110, sa_flags=SA_RESTART|SA_SIGINFO


---------------  S Y S T E M  ---------------

OS:DISTRIB_ID=Ubuntu
DISTRIB_RELEASE=18.04
DISTRIB_CODENAME=bionic
DISTRIB_DESCRIPTION="Ubuntu 18.04.3 LTS"
uname:Linux 4.15.0-65-generic #74-Ubuntu SMP Tue Sep 17 17:06:04 UTC 2019 x86_64
libc:glibc 2.27 NPTL 2.27 
rlimit: STACK 8192k, CORE 0k, NPROC 30910, NOFILE 4096, AS infinity, DATA infinity, FSIZE infinity
load average:0.96 1.14 0.89

/proc/meminfo:
MemTotal:        8052644 kB
MemFree:          415532 kB
MemAvailable:    3306196 kB
Buffers:          693768 kB
Cached:          2050244 kB
SwapCached:            0 kB
Active:          5247748 kB
Inactive:        1455752 kB
Active(anon):    3967292 kB
Inactive(anon):   254584 kB
Active(file):    1280456 kB
Inactive(file):  1201168 kB
Unevictable:          64 kB
Mlocked:              64 kB
SwapTotal:       2097148 kB
SwapFree:        2097148 kB
Dirty:               372 kB
Writeback:             0 kB
AnonPages:       3959580 kB
Mapped:           700944 kB
Shmem:            263136 kB
Slab:             807032 kB
SReclaimable:     710184 kB
SUnreclaim:        96848 kB
KernelStack:       12016 kB
PageTables:        48508 kB
NFS_Unstable:          0 kB
Bounce:                0 kB
WritebackTmp:          0 kB
CommitLimit:     6123468 kB
Committed_AS:    8543988 kB
VmallocTotal:   34359738367 kB
VmallocUsed:           0 kB
VmallocChunk:          0 kB
HardwareCorrupted:     0 kB
AnonHugePages:         0 kB
ShmemHugePages:        0 kB
ShmemPmdMapped:        0 kB
CmaTotal:              0 kB
CmaFree:               0 kB
HugePages_Total:       0
HugePages_Free:        0
HugePages_Rsvd:        0
HugePages_Surp:        0
Hugepagesize:       2048 kB
DirectMap4k:      257140 kB
DirectMap2M:     4870144 kB
DirectMap1G:     3145728 kB


/proc/sys/kernel/threads-max (system-wide limit on the number of threads):
61821


/proc/sys/vm/max_map_count (maximum number of memory map areas a process may have):
65530


/proc/sys/kernel/pid_max (system-wide limit on number of process identifiers):
32768



container (cgroup) information:
container_type: cgroupv1
cpu_cpuset_cpus: 0-3
cpu_memory_nodes: 0
active_processor_count: 4
cpu_quota: -1
cpu_period: 100000
cpu_shares: -1
memory_limit_in_bytes: -1
memory_and_swap_limit_in_bytes: -2
memory_soft_limit_in_bytes: -1
memory_usage_in_bytes: 4562788352
memory_max_usage_in_bytes: 4571144192

Steal ticks since vm start: 0
Steal ticks percentage since vm start:  0.000

CPU:total 4 (initial active 4) (4 cores per cpu, 1 threads per core) family 6 model 158 stepping 9, cmov, cx8, fxsr, mmx, sse, sse2, sse3, ssse3, sse4.1, sse4.2, popcnt, avx, avx2, aes, clmul, erms, 3dnowpref, lzcnt, tsc, tscinvbit, bmi1, bmi2, adx, fma
CPU Model and flags from /proc/cpuinfo:
model name	: Intel(R) Core(TM) i5-7400 CPU @ 3.00GHz
flags		: fpu vme de pse tsc msr pae mce cx8 apic sep mtrr pge mca cmov pat pse36 clflush dts acpi mmx fxsr sse sse2 ss ht tm pbe syscall nx pdpe1gb rdtscp lm constant_tsc art arch_perfmon pebs bts rep_good nopl xtopology nonstop_tsc cpuid aperfmperf tsc_known_freq pni pclmulqdq dtes64 monitor ds_cpl vmx est tm2 ssse3 sdbg fma cx16 xtpr pdcm pcid sse4_1 sse4_2 x2apic movbe popcnt tsc_deadline_timer aes xsave avx f16c rdrand lahf_lm abm 3dnowprefetch cpuid_fault invpcid_single pti ssbd ibrs ibpb stibp tpr_shadow vnmi flexpriority ept vpid fsgsbase tsc_adjust bmi1 avx2 smep bmi2 erms invpcid mpx rdseed adx smap clflushopt intel_pt xsaveopt xsavec xgetbv1 xsaves dtherm ida arat pln pts hwp hwp_notify hwp_act_window hwp_epp md_clear flush_l1d

Memory: 4k page, physical 8052644k(415532k free), swap 2097148k(2097148k free)

vm_info: OpenJDK 64-Bit Server VM (11.0.4+11-post-Ubuntu-1ubuntu218.04.3) for linux-amd64 JRE (11.0.4+11-post-Ubuntu-1ubuntu218.04.3), built on Jul 18 2019 18:21:46 by "buildd" with gcc 7.4.0

END.
